<?xml version="1.0" encoding="UTF-8" ?>
<testsuites>
  <testsuite errors="0" failures="0" hostname="Torna" id="0" name="JTestMasterListRelAdaptor" package="com.de.base.masterlist.integration.adaptor" tests="1" time="2.44" timestamp="2018-09-28T12:28:01">
      <properties>
[...]
</properties>

      <testcase classname="com.de.base.masterlist.integration.adaptor.JTestMasterListRelAdaptor" name="testgetOwnerID" time="2.05" />

      <system-out><![CDATA[EMMA: collecting runtime coverage data ...
COGN000001ACTIMP
]]></system-out>

      <system-err><![CDATA[]]></system-err>

  </testsuite>
  <testsuite errors="0" failures="0" hostname="Torna" id="1" name="JTestAdminUtils" package="com.de.base.tools" tests="4" time="0.623" timestamp="2018-09-28T12:28:04">
      <properties>
[...]
</properties>

      <testcase classname="com.de.base.tools.JTestAdminUtils" name="testgetSysPropData" time="0.393" />

      <testcase classname="com.de.base.tools.JTestAdminUtils" name="testgetclusterServerIps" time="0.0040" />

      <testcase classname="com.de.base.tools.JTestAdminUtils" name="testdirSearch" time="0.015" />

      <testcase classname="com.de.base.tools.JTestAdminUtils" name="testreplacePattern" time="0.157" />

      <system-out><![CDATA[EMMA: collecting runtime coverage data ...
]]></system-out>

      <system-err><![CDATA[]]></system-err>

  </testsuite>
  <testsuite errors="0" failures="0" hostname="Torna" id="2" name="JTestCollectionUtil" package="com.de.base.util.general" tests="13" time="0.092" timestamp="2018-09-28T12:28:05">
      <properties>
[...]
</properties>

      <testcase classname="com.de.base.util.general.JTestCollectionUtil" name="test_mergeLastElementOfArray" time="0.062" />

      <testcase classname="com.de.base.util.general.JTestCollectionUtil" name="test_convertArrayListToStringArray" time="0.0010" />

      <testcase classname="com.de.base.util.general.JTestCollectionUtil" name="test_addObjectArrayToArrayList" time="0.0" />

      <testcase classname="com.de.base.util.general.JTestCollectionUtil" name="test_convertArrayListToIntegerArray" time="0.0" />

      <testcase classname="com.de.base.util.general.JTestCollectionUtil" name="testConvertArrayListToObjectArray" time="0.0" />

      <testcase classname="com.de.base.util.general.JTestCollectionUtil" name="testGetSortedArrayList" time="0.0050" />

      <testcase classname="com.de.base.util.general.JTestCollectionUtil" name="testConvertHashMapToKeyValueString" time="0.0" />

      <testcase classname="com.de.base.util.general.JTestCollectionUtil" name="testGetSortedStringArrayList" time="0.0010" />

      <testcase classname="com.de.base.util.general.JTestCollectionUtil" name="test_convertCollectionToCommaSepString" time="0.0" />

      <testcase classname="com.de.base.util.general.JTestCollectionUtil" name="testCapitalizeKeys" time="0.0" />

      <testcase classname="com.de.base.util.general.JTestCollectionUtil" name="testReverseHashMap_treeMap" time="0.0010" />

      <testcase classname="com.de.base.util.general.JTestCollectionUtil" name="test_reverseHashMap" time="0.0" />

      <testcase classname="com.de.base.util.general.JTestCollectionUtil" name="testReverseHashMap_LinkedHashMap" time="0.0" />

      <system-out><![CDATA[EMMA: collecting runtime coverage data ...
]]></system-out>

      <system-err><![CDATA[]]></system-err>

  </testsuite>
  <testsuite errors="0" failures="0" hostname="Torna" id="3" name="JTestDateUtil" package="com.de.base.util.general" tests="7" time="0.019" timestamp="2018-09-28T12:28:05">
      <properties>
[...]
</properties>

      <testcase classname="com.de.base.util.general.JTestDateUtil" name="test_GetDayOfWeek" time="0.0090" />

      <testcase classname="com.de.base.util.general.JTestDateUtil" name="testIsValidDate" time="0.0" />

      <testcase classname="com.de.base.util.general.JTestDateUtil" name="testtruncTimestamp" time="0.0010" />

      <testcase classname="com.de.base.util.general.JTestDateUtil" name="testGetDayOfWeek" time="0.0" />

      <testcase classname="com.de.base.util.general.JTestDateUtil" name="testGetDateDifference" time="0.0010" />

      <testcase classname="com.de.base.util.general.JTestDateUtil" name="testgetTimestamp" time="0.0" />

      <testcase classname="com.de.base.util.general.JTestDateUtil" name="testGetMonthsBetweenDates" time="0.0010" />

      <system-out><![CDATA[]]></system-out>

      <system-err><![CDATA[]]></system-err>

  </testsuite>
  <testsuite errors="0" failures="0" hostname="Torna" id="4" name="JTestJSONUtil" package="com.de.base.util.general" tests="6" time="0.036" timestamp="2018-09-28T12:28:05">
      <properties>
[...]
</properties>

      <testcase classname="com.de.base.util.general.JTestJSONUtil" name="testGetArrayListFromJSONArray" time="0.0030" />

      <testcase classname="com.de.base.util.general.JTestJSONUtil" name="testGetJSONArrayFromArrayList" time="0.0010" />

      <testcase classname="com.de.base.util.general.JTestJSONUtil" name="testGetHierarchicalJSONArray" time="0.02" />

      <testcase classname="com.de.base.util.general.JTestJSONUtil" name="testConvertHashMapToJSON" time="0.0" />

      <testcase classname="com.de.base.util.general.JTestJSONUtil" name="testGetJSONObject" time="0.0030" />

      <testcase classname="com.de.base.util.general.JTestJSONUtil" name="testConvertHashMapToJSONObject" time="0.0" />

      <system-out><![CDATA[]]></system-out>

      <system-err><![CDATA[]]></system-err>

  </testsuite>
  <testsuite errors="0" failures="0" hostname="Torna" id="5" name="JTestNumUtil" package="com.de.base.util.general" tests="7" time="0.019" timestamp="2018-09-28T12:28:05">
      <properties>
[...]
</properties>

      <testcase classname="com.de.base.util.general.JTestNumUtil" name="testFormatDouble" time="0.0020" />

      <testcase classname="com.de.base.util.general.JTestNumUtil" name="testTruncate" time="0.0" />

      <testcase classname="com.de.base.util.general.JTestNumUtil" name="testFormattedValueForTimesheet" time="0.0010" />

      <testcase classname="com.de.base.util.general.JTestNumUtil" name="testgetIntArrayFromIntegerArrayList" time="0.0070" />

      <testcase classname="com.de.base.util.general.JTestNumUtil" name="testroundfloat" time="0.0" />

      <testcase classname="com.de.base.util.general.JTestNumUtil" name="testparseInt" time="0.0" />

      <testcase classname="com.de.base.util.general.JTestNumUtil" name="testrounddouble" time="0.0" />

      <system-out><![CDATA[]]></system-out>

      <system-err><![CDATA[]]></system-err>

  </testsuite>
  <testsuite errors="0" failures="0" hostname="Torna" id="6" name="JTestReportUtil" package="com.de.base.util.general" tests="5" time="1.329" timestamp="2018-09-28T12:28:06">
      <properties>
[...]
</properties>

      <testcase classname="com.de.base.util.general.JTestReportUtil" name="testRemoveHashedSettings" time="1.24" />

      <testcase classname="com.de.base.util.general.JTestReportUtil" name="testGetColumnTotal" time="0.0050" />

      <testcase classname="com.de.base.util.general.JTestReportUtil" name="testGetColumnTotal_2" time="0.0030" />

      <testcase classname="com.de.base.util.general.JTestReportUtil" name="testPutHashedSettings" time="0.0030" />

      <testcase classname="com.de.base.util.general.JTestReportUtil" name="testGetPortalNoOfBuckets" time="0.028" />

      <system-out><![CDATA[EMMA: collecting runtime coverage data ...
2018/08/05 17:58:07
2018/08/20 17:58:07
]]></system-out>

      <system-err><![CDATA[]]></system-err>

  </testsuite>
  <testsuite errors="0" failures="0" hostname="Torna" id="7" name="JTestStringUtil" package="com.de.base.util.general" tests="24" time="0.018" timestamp="2018-09-28T12:28:07">
      <properties>
[...]
</properties>

      <testcase classname="com.de.base.util.general.JTestStringUtil" name="testGetNumberOfOccurrences" time="0.0030" />

      <testcase classname="com.de.base.util.general.JTestStringUtil" name="testReplaceSubstring" time="0.0" />

      <testcase classname="com.de.base.util.general.JTestStringUtil" name="testsplit1" time="0.0010" />

      <testcase classname="com.de.base.util.general.JTestStringUtil" name="testsplit2" time="0.0" />

      <testcase classname="com.de.base.util.general.JTestStringUtil" name="testPadString" time="0.0" />

      <testcase classname="com.de.base.util.general.JTestStringUtil" name="testReplaceNewLineString" time="0.0" />

      <testcase classname="com.de.base.util.general.JTestStringUtil" name="testReplaceInvalidXmlTagCharacters" time="0.0" />

      <testcase classname="com.de.base.util.general.JTestStringUtil" name="testGetIntArrayListfromString" time="0.0" />

      <testcase classname="com.de.base.util.general.JTestStringUtil" name="testReplaceString" time="0.0" />

      <testcase classname="com.de.base.util.general.JTestStringUtil" name="testsplittoArrayList" time="0.0" />

      <testcase classname="com.de.base.util.general.JTestStringUtil" name="testIsValidEmail" time="0.0" />

      <testcase classname="com.de.base.util.general.JTestStringUtil" name="testreplaceSubstring" time="0.0" />

      <testcase classname="com.de.base.util.general.JTestStringUtil" name="teststringArraytoArrayList" time="0.0" />

      <testcase classname="com.de.base.util.general.JTestStringUtil" name="testSplitToArrayList" time="0.0" />

      <testcase classname="com.de.base.util.general.JTestStringUtil" name="testConvertStringToStringArray" time="0.0010" />

      <testcase classname="com.de.base.util.general.JTestStringUtil" name="testpadNumber" time="0.0" />

      <testcase classname="com.de.base.util.general.JTestStringUtil" name="testReplaceXmlCharacters" time="0.0" />

      <testcase classname="com.de.base.util.general.JTestStringUtil" name="testConvertStringArrayToHashSet" time="0.0" />

      <testcase classname="com.de.base.util.general.JTestStringUtil" name="testGetIntArrayFromStringArray" time="0.0" />

      <testcase classname="com.de.base.util.general.JTestStringUtil" name="testReplaceFirst" time="0.0" />

      <testcase classname="com.de.base.util.general.JTestStringUtil" name="testSplit_1" time="0.0" />

      <testcase classname="com.de.base.util.general.JTestStringUtil" name="testSplit_2" time="0.0" />

      <testcase classname="com.de.base.util.general.JTestStringUtil" name="testGetIntArrayFromString" time="0.0010" />

      <testcase classname="com.de.base.util.general.JTestStringUtil" name="testConvertStringToIntArray" time="0.0" />

      <system-out><![CDATA[]]></system-out>

      <system-err><![CDATA[]]></system-err>

  </testsuite>
  <testsuite errors="0" failures="0" hostname="Torna" id="8" name="JTestWbsUtil" package="com.de.base.util.general" tests="11" time="0.011" timestamp="2018-09-28T12:28:07">
      <properties>
[...]
</properties>

      <testcase classname="com.de.base.util.general.JTestWbsUtil" name="testgetFirstChildWbsCode" time="0.0010" />

      <testcase classname="com.de.base.util.general.JTestWbsUtil" name="testGetFullName" time="0.0" />

      <testcase classname="com.de.base.util.general.JTestWbsUtil" name="testGetWbsArrayfromLevelArray" time="0.0010" />

      <testcase classname="com.de.base.util.general.JTestWbsUtil" name="testGetWBSCodeForMSP" time="0.0" />

      <testcase classname="com.de.base.util.general.JTestWbsUtil" name="testGetFullName1" time="0.0" />

      <testcase classname="com.de.base.util.general.JTestWbsUtil" name="testgetRootWbsCode" time="0.0" />

      <testcase classname="com.de.base.util.general.JTestWbsUtil" name="testGetPaddedStringForWBS" time="0.0010" />

      <testcase classname="com.de.base.util.general.JTestWbsUtil" name="testGetPaddedStringForWBS1" time="0.0" />

      <testcase classname="com.de.base.util.general.JTestWbsUtil" name="testGetNextLevelWbsCode" time="0.0" />

      <testcase classname="com.de.base.util.general.JTestWbsUtil" name="testGetWBSCodeForDigite" time="0.0" />

      <testcase classname="com.de.base.util.general.JTestWbsUtil" name="testNextWbsCode" time="0.0" />

      <system-out><![CDATA[]]></system-out>

      <system-err><![CDATA[]]></system-err>

  </testsuite>
  <testsuite errors="0" failures="0" hostname="Torna" id="9" name="JTestWebUtil" package="com.de.base.util.general" tests="5" time="0.032" timestamp="2018-09-28T12:28:07">
      <properties>
[...]
</properties>

      <testcase classname="com.de.base.util.general.JTestWebUtil" name="testParseParameters" time="0.025" />

      <testcase classname="com.de.base.util.general.JTestWebUtil" name="testallowHyperLinkInMessage" time="0.0" />

      <testcase classname="com.de.base.util.general.JTestWebUtil" name="testgetHTMLDisplayStringRetainingSpacesforum" time="0.0" />

      <testcase classname="com.de.base.util.general.JTestWebUtil" name="testReverseGetHTMLDisplayString" time="0.0" />

      <testcase classname="com.de.base.util.general.JTestWebUtil" name="testGetHTMLDisplayStringForControlType" time="0.0010" />

      <system-out><![CDATA[]]></system-out>

      <system-err><![CDATA[]]></system-err>

  </testsuite>
  <testsuite errors="0" failures="0" hostname="Torna" id="10" name="JTestRule" package="com.de.base.websecurity.inputvalidation" tests="5" time="0.028" timestamp="2018-09-28T12:28:07">
      <properties>
[...]
</properties>

      <testcase classname="com.de.base.websecurity.inputvalidation.JTestRule" name="testValidateMalformedValidInput" time="0.01" />

      <testcase classname="com.de.base.websecurity.inputvalidation.JTestRule" name="testValidateMalformedInValidInput" time="0.0030" />

      <testcase classname="com.de.base.websecurity.inputvalidation.JTestRule" name="testValidateMalformedInValidInput1" time="0.0030" />

      <testcase classname="com.de.base.websecurity.inputvalidation.JTestRule" name="testValidateMalformedInValidInput2" time="0.0020" />

      <testcase classname="com.de.base.websecurity.inputvalidation.JTestRule" name="testValidateMalformedInValidInput3" time="0.0010" />

      <system-out><![CDATA[0      [FATAL] com.de.base.websecurity.inputvalidation.FatalValidationException - CurrentThreadID=1  FatalValidationException while validating input : The [OwnerType] parameter was malformed
2      [FATAL] com.de.base.websecurity.inputvalidation.FatalValidationException - CurrentThreadID=1  FatalValidationException while validating input : The [OldURL] parameter was malformed
4      [FATAL] com.de.base.websecurity.inputvalidation.FatalValidationException - CurrentThreadID=1  FatalValidationException while validating input : The [ErrorMessage] parameter was malformed
6      [FATAL] com.de.base.websecurity.inputvalidation.FatalValidationException - CurrentThreadID=1  FatalValidationException while validating input : The [ErrorMessage] parameter was malformed
]]></system-out>

      <system-err><![CDATA[]]></system-err>

  </testsuite>
  <testsuite errors="0" failures="0" hostname="Torna" id="11" name="JTestWebSecHelper" package="com.de.base.websecurity.webhelper" tests="1" time="1.406" timestamp="2018-09-28T12:28:08">
      <properties>
[...]
</properties>

      <testcase classname="com.de.base.websecurity.webhelper.JTestWebSecHelper" name="testCheckRestrictedPDFFiles" time="1.232" />

      <system-out><![CDATA[EMMA: collecting runtime coverage data ...
]]></system-out>

      <system-err><![CDATA[]]></system-err>

  </testsuite>
  <testsuite errors="0" failures="0" hostname="Torna" id="12" name="JTestMCMBeanFormulaHelper" package="com.de.ecr.webhelper" tests="7" time="1.237" timestamp="2018-09-28T12:28:12">
      <properties>
[...]
</properties>

      <testcase classname="com.de.ecr.webhelper.JTestMCMBeanFormulaHelper" name="TestHIDESEGMENT" time="1.084" />

      <testcase classname="com.de.ecr.webhelper.JTestMCMBeanFormulaHelper" name="TestAdd" time="0.0050" />

      <testcase classname="com.de.ecr.webhelper.JTestMCMBeanFormulaHelper" name="TestReplace" time="0.0060" />

      <testcase classname="com.de.ecr.webhelper.JTestMCMBeanFormulaHelper" name="TestMultDivPowModMinus" time="0.0080" />

      <testcase classname="com.de.ecr.webhelper.JTestMCMBeanFormulaHelper" name="TestMINMAXEQNEGTLTGTELTE" time="0.049" />

      <testcase classname="com.de.ecr.webhelper.JTestMCMBeanFormulaHelper" name="TestRound" time="0.014" />

      <testcase classname="com.de.ecr.webhelper.JTestMCMBeanFormulaHelper" name="TestCase28" time="0.026" />

      <system-out><![CDATA[EMMA: collecting runtime coverage data ...
]]></system-out>

      <system-err><![CDATA[]]></system-err>

  </testsuite>
  <testsuite errors="0" failures="0" hostname="Torna" id="13" name="JTestMCMBeanUtils" package="com.de.ecr.webhelper" tests="1" time="0.019" timestamp="2018-09-28T12:28:13">
      <properties>
[...]
</properties>

      <testcase classname="com.de.ecr.webhelper.JTestMCMBeanUtils" name="testECRStringSplit" time="0.013" />

      <system-out><![CDATA[]]></system-out>

      <system-err><![CDATA[]]></system-err>

  </testsuite>
  <testsuite errors="0" failures="0" hostname="Torna" id="14" name="JTestItemListHelper" package="com.de.eform.base.listhelper" tests="1" time="0.979" timestamp="2018-09-28T12:28:13">
      <properties>
[...]
</properties>

      <testcase classname="com.de.eform.base.listhelper.JTestItemListHelper" name="getJoinClause" time="0.948" />

      <system-out><![CDATA[EMMA: collecting runtime coverage data ...
]]></system-out>

      <system-err><![CDATA[]]></system-err>

  </testsuite>
  <testsuite errors="0" failures="0" hostname="Torna" id="15" name="JTestAgileBoardHelper" package="com.de.eform.kanban.webhelper" tests="6" time="1.134" timestamp="2018-09-28T12:28:17">
      <properties>
[...]
</properties>

      <testcase classname="com.de.eform.kanban.webhelper.JTestAgileBoardHelper" name="testGetIDArray" time="0.936" />

      <testcase classname="com.de.eform.kanban.webhelper.JTestAgileBoardHelper" name="testGetBoardEditorConfig" time="0.0020" />

      <testcase classname="com.de.eform.kanban.webhelper.JTestAgileBoardHelper" name="testGetViewConfigAddSwim" time="0.0010" />

      <testcase classname="com.de.eform.kanban.webhelper.JTestAgileBoardHelper" name="testParseJson" time="0.0010" />

      <testcase classname="com.de.eform.kanban.webhelper.JTestAgileBoardHelper" name="testGetCardOwnerAndURL" time="0.115" />

      <testcase classname="com.de.eform.kanban.webhelper.JTestAgileBoardHelper" name="testGetSegmentForMiniEForm" time="0.048" />

      <system-out><![CDATA[EMMA: collecting runtime coverage data ...
]]></system-out>

      <system-err><![CDATA[]]></system-err>

  </testsuite>
  <testsuite errors="0" failures="0" hostname="Torna" id="16" name="JTestAgileJSONHelper" package="com.de.eform.kanban.webhelper" tests="31" time="1.742" timestamp="2018-09-28T12:28:25">
      <properties>
[...]
</properties>

      <testcase classname="com.de.eform.kanban.webhelper.JTestAgileJSONHelper" name="testGetFieldJSONArray" time="0.804" />

      <testcase classname="com.de.eform.kanban.webhelper.JTestAgileJSONHelper" name="testGetTeamMembers" time="0.209" />

      <testcase classname="com.de.eform.kanban.webhelper.JTestAgileJSONHelper" name="testGetCardZoomLevel" time="0.026" />

      <testcase classname="com.de.eform.kanban.webhelper.JTestAgileJSONHelper" name="testGetBlockItemJSON" time="0.0040" />

      <testcase classname="com.de.eform.kanban.webhelper.JTestAgileJSONHelper" name="testGetAttachmentData" time="0.013" />

      <testcase classname="com.de.eform.kanban.webhelper.JTestAgileJSONHelper" name="testGetItemTypeVsItemIdListMap" time="0.0040" />

      <testcase classname="com.de.eform.kanban.webhelper.JTestAgileJSONHelper" name="testGetCommentData" time="0.032" />

      <testcase classname="com.de.eform.kanban.webhelper.JTestAgileJSONHelper" name="testGetCustomDataType" time="0.0040" />

      <testcase classname="com.de.eform.kanban.webhelper.JTestAgileJSONHelper" name="testGetConfigJSONObject" time="0.0060" />

      <testcase classname="com.de.eform.kanban.webhelper.JTestAgileJSONHelper" name="testGetSwimConfig" time="0.036" />

      <testcase classname="com.de.eform.kanban.webhelper.JTestAgileJSONHelper" name="testGetCardRowFieldJSON" time="0.02" />

      <testcase classname="com.de.eform.kanban.webhelper.JTestAgileJSONHelper" name="testIsBlockUnblockAvailable" time="0.0070" />

      <testcase classname="com.de.eform.kanban.webhelper.JTestAgileJSONHelper" name="testGetCardOwnerName" time="0.017" />

      <testcase classname="com.de.eform.kanban.webhelper.JTestAgileJSONHelper" name="testGetSingleCardData" time="0.021" />

      <testcase classname="com.de.eform.kanban.webhelper.JTestAgileJSONHelper" name="testGetErrorReportJson" time="0.153" />

      <testcase classname="com.de.eform.kanban.webhelper.JTestAgileJSONHelper" name="testGetFieldsToBeDisplayed" time="0.0080" />

      <testcase classname="com.de.eform.kanban.webhelper.JTestAgileJSONHelper" name="testSetSegmentData" time="0.0060" />

      <testcase classname="com.de.eform.kanban.webhelper.JTestAgileJSONHelper" name="testSaveCardActionOldBoard" time="0.0050" />

      <testcase classname="com.de.eform.kanban.webhelper.JTestAgileJSONHelper" name="testSaveCardActionNewBoard" time="0.0050" />

      <testcase classname="com.de.eform.kanban.webhelper.JTestAgileJSONHelper" name="testSaveCardAction" time="0.0050" />

      <testcase classname="com.de.eform.kanban.webhelper.JTestAgileJSONHelper" name="testGetLovItemDetailMap" time="0.0040" />

      <testcase classname="com.de.eform.kanban.webhelper.JTestAgileJSONHelper" name="testGetSettingActionsCfg" time="0.0030" />

      <testcase classname="com.de.eform.kanban.webhelper.JTestAgileJSONHelper" name="testGetdbIdsFromKey" time="0.0030" />

      <testcase classname="com.de.eform.kanban.webhelper.JTestAgileJSONHelper" name="testGetNewDataJson" time="0.041" />

      <testcase classname="com.de.eform.kanban.webhelper.JTestAgileJSONHelper" name="testGetCardFieldDataListForEFormInstance" time="0.011" />

      <testcase classname="com.de.eform.kanban.webhelper.JTestAgileJSONHelper" name="testGetEformData" time="0.151" />

      <testcase classname="com.de.eform.kanban.webhelper.JTestAgileJSONHelper" name="testGetItemTypeVsColorMap" time="0.029" />

      <testcase classname="com.de.eform.kanban.webhelper.JTestAgileJSONHelper" name="testGetCardFieldListForEForm" time="0.0040" />

      <testcase classname="com.de.eform.kanban.webhelper.JTestAgileJSONHelper" name="testGetCardOwnerFieldValues" time="0.054" />

      <testcase classname="com.de.eform.kanban.webhelper.JTestAgileJSONHelper" name="testGetCardTemplate" time="0.0070" />

      <testcase classname="com.de.eform.kanban.webhelper.JTestAgileJSONHelper" name="testgetVoteData" time="0.0050" />

      <system-out><![CDATA[EMMA: collecting runtime coverage data ...
]]></system-out>

      <system-err><![CDATA[]]></system-err>

  </testsuite>
  <testsuite errors="0" failures="0" hostname="Torna" id="17" name="JTestBoardUtils" package="com.de.eform.kanban.webhelper" tests="3" time="0.887" timestamp="2018-09-28T12:28:27">
      <properties>
[...]
</properties>

      <testcase classname="com.de.eform.kanban.webhelper.JTestBoardUtils" name="testGetQueueWbsCode" time="0.249" />

      <testcase classname="com.de.eform.kanban.webhelper.JTestBoardUtils" name="testGetLeafQueueList" time="0.0030" />

      <testcase classname="com.de.eform.kanban.webhelper.JTestBoardUtils" name="testGetDefaultValueStreamQueues" time="0.607" />

      <system-out><![CDATA[EMMA: collecting runtime coverage data ...
]]></system-out>

      <system-err><![CDATA[]]></system-err>

  </testsuite>
  <testsuite errors="0" failures="0" hostname="Torna" id="18" name="JTestEFormPrintHelper" package="com.de.eform.print" tests="2" time="0.242" timestamp="2018-09-28T12:28:29">
      <properties>
[...]
</properties>

      <testcase classname="com.de.eform.print.JTestEFormPrintHelper" name="testgetSegmentURL" time="0.21" />

      <testcase classname="com.de.eform.print.JTestEFormPrintHelper" name="testgetEFormURL" time="0.0050" />

      <system-out><![CDATA[EMMA: collecting runtime coverage data ...
]]></system-out>

      <system-err><![CDATA[]]></system-err>

  </testsuite>
  <testsuite errors="0" failures="0" hostname="Torna" id="19" name="JTestEFormConfigHelper" package="com.de.eform.webhelper" tests="3" time="1.305" timestamp="2018-09-28T12:28:36">
      <properties>
[...]
</properties>

      <testcase classname="com.de.eform.webhelper.JTestEFormConfigHelper" name="testisSmartImportInIprogress" time="0.879" />

      <testcase classname="com.de.eform.webhelper.JTestEFormConfigHelper" name="testIsEformConfigReadOnly" time="0.159" />

      <testcase classname="com.de.eform.webhelper.JTestEFormConfigHelper" name="testIsEformConfigEditable" time="0.238" />

      <system-out><![CDATA[EMMA: collecting runtime coverage data ...
]]></system-out>

      <system-err><![CDATA[]]></system-err>

  </testsuite>
  <testsuite errors="0" failures="0" hostname="Torna" id="20" name="JTestEFormHelper" package="com.de.eform.webhelper" tests="3" time="2.549" timestamp="2018-09-28T12:28:41">
      <properties>
[...]
</properties>

      <testcase classname="com.de.eform.webhelper.JTestEFormHelper" name="testGetPreviousNextItemURL" time="2.435" />

      <testcase classname="com.de.eform.webhelper.JTestEFormHelper" name="testGetMandatoryOnCloseFieldList" time="0.076" />

      <testcase classname="com.de.eform.webhelper.JTestEFormHelper" name="testGetVersionIdVsVersionNumberMap" time="0.0060" />

      <system-out><![CDATA[EMMA: collecting runtime coverage data ...
]]></system-out>

      <system-err><![CDATA[]]></system-err>

  </testsuite>
  <testsuite errors="0" failures="0" hostname="Torna" id="21" name="JTestEformListWebHelper" package="com.de.eform.webhelper" tests="5" time="1.151" timestamp="2018-09-28T12:28:43">
      <properties>
[...]
</properties>

      <testcase classname="com.de.eform.webhelper.JTestEformListWebHelper" name="testComputePercentage" time="0.227" />

      <testcase classname="com.de.eform.webhelper.JTestEformListWebHelper" name="testWrapHeaderColumnName" time="0.187" />

      <testcase classname="com.de.eform.webhelper.JTestEformListWebHelper" name="testGetUserAttributes" time="0.702" />

      <testcase classname="com.de.eform.webhelper.JTestEformListWebHelper" name="tesGetReleaseDateDispMessageForValidDates" time="0.0040" />

      <testcase classname="com.de.eform.webhelper.JTestEformListWebHelper" name="tesGetReleaseDateDispMessageForInvalidDates" time="0.0010" />

      <system-out><![CDATA[EMMA: collecting runtime coverage data ...
]]></system-out>

      <system-err><![CDATA[]]></system-err>

  </testsuite>
  <testsuite errors="0" failures="0" hostname="Torna" id="22" name="JTestExtJsGridHelper" package="com.de.eform.webhelper" tests="1" time="0.013" timestamp="2018-09-28T12:28:45">
      <properties>
[...]
</properties>

      <testcase classname="com.de.eform.webhelper.JTestExtJsGridHelper" name="testGetExtJsGridDateFormat" time="0.0070" />

      <system-out><![CDATA[]]></system-out>

      <system-err><![CDATA[]]></system-err>

  </testsuite>
  <testsuite errors="0" failures="0" hostname="Torna" id="23" name="JTestCurrencyHelper" package="com.de.finance.webhelper" tests="4" time="0.862" timestamp="2018-09-28T12:28:45">
      <properties>
[...]
</properties>

      <testcase classname="com.de.finance.webhelper.JTestCurrencyHelper" name="testGetCurrencyIcon" time="0.25" />

      <testcase classname="com.de.finance.webhelper.JTestCurrencyHelper" name="testGetProjectCurrencySymbol" time="0.582" />

      <testcase classname="com.de.finance.webhelper.JTestCurrencyHelper" name="testGetOrganisationCurrency" time="0.0" />

      <testcase classname="com.de.finance.webhelper.JTestCurrencyHelper" name="testGetCurrencySymbol" time="0.0020" />

      <system-out><![CDATA[EMMA: collecting runtime coverage data ...
]]></system-out>

      <system-err><![CDATA[]]></system-err>

  </testsuite>
  <testsuite errors="0" failures="0" hostname="Torna" id="24" name="JTestBoardCardJSONHelper" package="com.de.maxema.board.card" tests="5" time="1.487" timestamp="2018-09-28T12:28:49">
      <properties>
[...]
</properties>

      <testcase classname="com.de.maxema.board.card.JTestBoardCardJSONHelper" name="testGetCardOwnerName" time="1.059" />

      <testcase classname="com.de.maxema.board.card.JTestBoardCardJSONHelper" name="testGetCardPreviewJSON" time="0.367" />

      <testcase classname="com.de.maxema.board.card.JTestBoardCardJSONHelper" name="testIsPriorityVisible" time="0.0060" />

      <testcase classname="com.de.maxema.board.card.JTestBoardCardJSONHelper" name="testGetRowJSONArray" time="0.0020" />

      <testcase classname="com.de.maxema.board.card.JTestBoardCardJSONHelper" name="testgetFlagUnflagData" time="0.021" />

      <system-out><![CDATA[EMMA: collecting runtime coverage data ...
]]></system-out>

      <system-err><![CDATA[]]></system-err>

  </testsuite>
  <testsuite errors="0" failures="0" hostname="Torna" id="25" name="JTestCardConfiguratorJSONHelper" package="com.de.maxema.board.cardconfigurator" tests="10" time="1.236" timestamp="2018-09-28T12:29:02">
      <properties>
[...]
</properties>

      <testcase classname="com.de.maxema.board.cardconfigurator.JTestCardConfiguratorJSONHelper" name="testGetCardConfiguratorData" time="0.827" />

      <testcase classname="com.de.maxema.board.cardconfigurator.JTestCardConfiguratorJSONHelper" name="testGetDeleteToDoData" time="0.013" />

      <testcase classname="com.de.maxema.board.cardconfigurator.JTestCardConfiguratorJSONHelper" name="testGetDefaultToDoList" time="0.046" />

      <testcase classname="com.de.maxema.board.cardconfigurator.JTestCardConfiguratorJSONHelper" name="testFilterToDoData" time="0.0020" />

      <testcase classname="com.de.maxema.board.cardconfigurator.JTestCardConfiguratorJSONHelper" name="testSetDefaultToDoData" time="0.0010" />

      <testcase classname="com.de.maxema.board.cardconfigurator.JTestCardConfiguratorJSONHelper" name="testGetActivityLogForDefaultToDo" time="0.017" />

      <testcase classname="com.de.maxema.board.cardconfigurator.JTestCardConfiguratorJSONHelper" name="testFilterDefaultToDoData" time="0.0030" />

      <testcase classname="com.de.maxema.board.cardconfigurator.JTestCardConfiguratorJSONHelper" name="testGetDefaultToDoData" time="0.033" />

      <testcase classname="com.de.maxema.board.cardconfigurator.JTestCardConfiguratorJSONHelper" name="testSaveToDoData" time="0.06" />

      <testcase classname="com.de.maxema.board.cardconfigurator.JTestCardConfiguratorJSONHelper" name="testCreateDefaultToDo" time="0.068" />

      <system-out><![CDATA[EMMA: collecting runtime coverage data ...
0      [FATAL] com.de.maxema.board.cardconfigurator.CardConfiguratorJSONHelper - CurrentThreadID=1 Exception occured in  saveToDoData java.lang.NullPointerException
]]></system-out>

      <system-err><![CDATA[]]></system-err>

  </testsuite>
  <testsuite errors="0" failures="0" hostname="Torna" id="26" name="JTestBoardConfigJSONHelper" package="com.de.maxema.board.config" tests="1" time="0.684" timestamp="2018-09-28T12:29:04">
      <properties>
[...]
</properties>

      <testcase classname="com.de.maxema.board.config.JTestBoardConfigJSONHelper" name="testGetI18N" time="0.658" />

      <system-out><![CDATA[EMMA: collecting runtime coverage data ...
]]></system-out>

      <system-err><![CDATA[]]></system-err>

  </testsuite>
  <testsuite errors="0" failures="0" hostname="Torna" id="27" name="JTestBoardHeaderActionJSONHelper" package="com.de.maxema.board.header" tests="1" time="0.741" timestamp="2018-09-28T12:29:05">
      <properties>
[...]
</properties>

      <testcase classname="com.de.maxema.board.header.JTestBoardHeaderActionJSONHelper" name="testGetBurndownChartConfig" time="0.715" />

      <system-out><![CDATA[EMMA: collecting runtime coverage data ...
]]></system-out>

      <system-err><![CDATA[]]></system-err>

  </testsuite>
  <testsuite errors="0" failures="0" hostname="Torna" id="28" name="JTestInlineActionJSONHelper" package="com.de.maxema.workitem.helper" tests="4" time="1.137" timestamp="2018-09-28T12:29:08">
      <properties>
[...]
</properties>

      <testcase classname="com.de.maxema.workitem.helper.JTestInlineActionJSONHelper" name="testGetFileSizeDisplayString" time="0.829" />

      <testcase classname="com.de.maxema.workitem.helper.JTestInlineActionJSONHelper" name="testgetRouteMessageAndStage" time="0.041" />

      <testcase classname="com.de.maxema.workitem.helper.JTestInlineActionJSONHelper" name="testgetShareUserList" time="0.106" />

      <testcase classname="com.de.maxema.workitem.helper.JTestInlineActionJSONHelper" name="testgetRouteUsers" time="0.125" />

      <system-out><![CDATA[EMMA: collecting runtime coverage data ...
]]></system-out>

      <system-err><![CDATA[]]></system-err>

  </testsuite>
  <testsuite errors="0" failures="0" hostname="Torna" id="29" name="JTestWorkItemJSONHelper" package="com.de.maxema.workitem.helper" tests="3" time="1.218" timestamp="2018-09-28T12:29:10">
      <properties>
[...]
</properties>

      <testcase classname="com.de.maxema.workitem.helper.JTestWorkItemJSONHelper" name="testgetWorkItemActivityInfo" time="0.842" />

      <testcase classname="com.de.maxema.workitem.helper.JTestWorkItemJSONHelper" name="testisSegmentVisible" time="0.015" />

      <testcase classname="com.de.maxema.workitem.helper.JTestWorkItemJSONHelper" name="testGetSummaryLOVMap" time="0.325" />

      <system-out><![CDATA[EMMA: collecting runtime coverage data ...
]]></system-out>

      <system-err><![CDATA[]]></system-err>

  </testsuite>
  <testsuite errors="0" failures="0" hostname="Torna" id="30" name="JTestPortalFrameWorkHelper" package="com.de.portal.webhelper" tests="3" time="1.11" timestamp="2018-09-28T12:29:13">
      <properties>
[...]
</properties>

      <testcase classname="com.de.portal.webhelper.JTestPortalFrameWorkHelper" name="testaddComponent" time="1.046" />

      <testcase classname="com.de.portal.webhelper.JTestPortalFrameWorkHelper" name="testgetItemTypes" time="0.03" />

      <testcase classname="com.de.portal.webhelper.JTestPortalFrameWorkHelper" name="testSetDefaultAttributesForComponent" time="0.0060" />

      <system-out><![CDATA[EMMA: collecting runtime coverage data ...
]]></system-out>

      <system-err><![CDATA[]]></system-err>

  </testsuite>
  <testsuite errors="0" failures="0" hostname="Torna" id="31" name="JTestPortalWebHandler" package="com.de.portal.webhelper" tests="1" time="1.4" timestamp="2018-09-28T12:29:14">
      <properties>
[...]
</properties>

      <testcase classname="com.de.portal.webhelper.JTestPortalWebHandler" name="testgetHelpUrl" time="1.362" />

      <system-out><![CDATA[EMMA: collecting runtime coverage data ...
]]></system-out>

      <system-err><![CDATA[]]></system-err>

  </testsuite>
  <testsuite errors="0" failures="0" hostname="Torna" id="32" name="JTestResourceMetricHelper" package="com.de.portal.webhelper" tests="3" time="0.966" timestamp="2018-09-28T12:29:16">
      <properties>
[...]
</properties>

      <testcase classname="com.de.portal.webhelper.JTestResourceMetricHelper" name="testCalculateActualHours" time="0.927" />

      <testcase classname="com.de.portal.webhelper.JTestResourceMetricHelper" name="testGetGroupID" time="0.0050" />

      <testcase classname="com.de.portal.webhelper.JTestResourceMetricHelper" name="testGetGroupID_nullTest" time="0.0020" />

      <system-out><![CDATA[EMMA: collecting runtime coverage data ...
]]></system-out>

      <system-err><![CDATA[]]></system-err>

  </testsuite>
  <testsuite errors="0" failures="0" hostname="Torna" id="33" name="JTestTeamListHelper" package="com.de.project.eform.team.listhelper" tests="1" time="0.016" timestamp="2018-09-28T12:29:17">
      <properties>
[...]
</properties>

      <testcase classname="com.de.project.eform.team.listhelper.JTestTeamListHelper" name="testGetResourceGroupMap" time="0.012" />

      <system-out><![CDATA[]]></system-out>

      <system-err><![CDATA[]]></system-err>

  </testsuite>
  <testsuite errors="0" failures="0" hostname="Torna" id="34" name="JTestPDBManagerBean" package="com.de.project.pdb.ejb.session" tests="4" time="0.736" timestamp="2018-09-28T12:29:17">
      <properties>
[...]
</properties>

      <testcase classname="com.de.project.pdb.ejb.session.JTestPDBManagerBean" name="testGetProjectIDItemTypeItemIDVSIsOrphanMap" time="0.136" />

      <testcase classname="com.de.project.pdb.ejb.session.JTestPDBManagerBean" name="testGetProgramSubProjectList" time="0.567" />

      <testcase classname="com.de.project.pdb.ejb.session.JTestPDBManagerBean" name="testGetPrjIDItemTypeVsItemIDListMap" time="0.0020" />

      <testcase classname="com.de.project.pdb.ejb.session.JTestPDBManagerBean" name="testGetCardDataForActivityLog" time="0.0030" />

      <system-out><![CDATA[EMMA: collecting runtime coverage data ...
]]></system-out>

      <system-err><![CDATA[]]></system-err>

  </testsuite>
  <testsuite errors="0" failures="0" hostname="Torna" id="35" name="JTestPDBJSONHelper" package="com.de.project.pdb.webhelper" tests="2" time="0.813" timestamp="2018-09-28T12:29:18">
      <properties>
[...]
</properties>

      <testcase classname="com.de.project.pdb.webhelper.JTestPDBJSONHelper" name="testAddCardToPDB" time="0.786" />

      <testcase classname="com.de.project.pdb.webhelper.JTestPDBJSONHelper" name="testSetPDBLinkDataObj" time="0.0010" />

      <system-out><![CDATA[EMMA: collecting runtime coverage data ...
]]></system-out>

      <system-err><![CDATA[]]></system-err>

  </testsuite>
  <testsuite errors="0" failures="0" hostname="Torna" id="36" name="JTestTaskManagerBean" package="com.de.task.ejb.session" tests="1" time="0.538" timestamp="2018-09-28T12:29:19">
      <properties>
[...]
</properties>

      <testcase classname="com.de.task.ejb.session.JTestTaskManagerBean" name="testGetTaskIDVsSummaryTaskIDMap" time="0.493" />

      <system-out><![CDATA[EMMA: collecting runtime coverage data ...
]]></system-out>

      <system-err><![CDATA[]]></system-err>

  </testsuite>
  <testsuite errors="0" failures="0" hostname="Torna" id="37" name="JTestMSPWebHelper" package="com.de.task.msp" tests="1" time="1.27" timestamp="2018-09-28T12:29:20">
      <properties>
[...]
</properties>

      <testcase classname="com.de.task.msp.JTestMSPWebHelper" name="testgetMSPPluginVersion" time="1.238" />

      <system-out><![CDATA[EMMA: collecting runtime coverage data ...
]]></system-out>

      <system-err><![CDATA[]]></system-err>

  </testsuite>
  <testsuite errors="0" failures="0" hostname="Torna" id="38" name="JTestTaskCalculationHelper" package="com.de.task.webhelper" tests="3" time="1.498" timestamp="2018-09-28T12:29:22">
      <properties>
[...]
</properties>

      <testcase classname="com.de.task.webhelper.JTestTaskCalculationHelper" name="testCalculateWBSCodeForToDO" time="0.418" />

      <testcase classname="com.de.task.webhelper.JTestTaskCalculationHelper" name="testCalculateWBSCode" time="0.755" />

      <testcase classname="com.de.task.webhelper.JTestTaskCalculationHelper" name="testCalculateDurationForTaskAssignment" time="0.279" />

      <system-out><![CDATA[EMMA: collecting runtime coverage data ...
]]></system-out>

      <system-err><![CDATA[]]></system-err>

  </testsuite>
  <testsuite errors="0" failures="0" hostname="Torna" id="39" name="JTestTaskHelper" package="com.de.task.webhelper" tests="7" time="1.04" timestamp="2018-09-28T12:29:25">
      <properties>
[...]
</properties>

      <testcase classname="com.de.task.webhelper.JTestTaskHelper" name="getParentWBSCode" time="0.148" />

      <testcase classname="com.de.task.webhelper.JTestTaskHelper" name="testGetResourceString" time="0.686" />

      <testcase classname="com.de.task.webhelper.JTestTaskHelper" name="testIsWorkFlowRequiredForTask" time="0.034" />

      <testcase classname="com.de.task.webhelper.JTestTaskHelper" name="testConvertTaskListToMap" time="0.0090" />

      <testcase classname="com.de.task.webhelper.JTestTaskHelper" name="testConvertTaskMapToList" time="0.0010" />

      <testcase classname="com.de.task.webhelper.JTestTaskHelper" name="testSetTaskActionFlag" time="0.0020" />

      <testcase classname="com.de.task.webhelper.JTestTaskHelper" name="testGetActivityIdFromSTDActivityCode" time="0.13" />

      <system-out><![CDATA[EMMA: collecting runtime coverage data ...
]]></system-out>

      <system-err><![CDATA[]]></system-err>

  </testsuite>
  <testsuite errors="0" failures="0" hostname="Torna" id="40" name="JTestTaskValidationHelper" package="com.de.task.webhelper" tests="4" time="0.89" timestamp="2018-09-28T12:29:27">
      <properties>
[...]
</properties>

      <testcase classname="com.de.task.webhelper.JTestTaskValidationHelper" name="testValidateTaskName" time="0.105" />

      <testcase classname="com.de.task.webhelper.JTestTaskValidationHelper" name="testValidateSummaryTask" time="0.0010" />

      <testcase classname="com.de.task.webhelper.JTestTaskValidationHelper" name="testValidateTaskPlannedDates" time="0.694" />

      <testcase classname="com.de.task.webhelper.JTestTaskValidationHelper" name="testValidateStandardCodeAssigned" time="0.02" />

      <system-out><![CDATA[EMMA: collecting runtime coverage data ...
]]></system-out>

      <system-err><![CDATA[]]></system-err>

  </testsuite>
  <testsuite errors="0" failures="0" hostname="Torna" id="41" name="JTestTaskWebHelper" package="com.de.task.webhelper" tests="4" time="1.455" timestamp="2018-09-28T12:29:31">
      <properties>
[...]
</properties>

      <testcase classname="com.de.task.webhelper.JTestTaskWebHelper" name="testGetDurationValue" time="0.435" />

      <testcase classname="com.de.task.webhelper.JTestTaskWebHelper" name="testgetTaskCount" time="0.943" />

      <testcase classname="com.de.task.webhelper.JTestTaskWebHelper" name="testgetBlockCheckedOutStatus" time="0.029" />

      <testcase classname="com.de.task.webhelper.JTestTaskWebHelper" name="testisTODO" time="0.0020" />

      <system-out><![CDATA[EMMA: collecting runtime coverage data ...
]]></system-out>

      <system-err><![CDATA[]]></system-err>

  </testsuite>
  <testsuite errors="0" failures="0" hostname="Torna" id="42" name="JTestToDoJSONHelper" package="com.de.task.webhelper" tests="2" time="1.018" timestamp="2018-09-28T12:29:33">
      <properties>
[...]
</properties>

      <testcase classname="com.de.task.webhelper.JTestToDoJSONHelper" name="testgetPlannedStartDateForToDo" time="0.972" />

      <testcase classname="com.de.task.webhelper.JTestToDoJSONHelper" name="JtestCalculateAllocUnits" time="0.0040" />

      <system-out><![CDATA[EMMA: collecting runtime coverage data ...
]]></system-out>

      <system-err><![CDATA[]]></system-err>

  </testsuite>
  <testsuite errors="2" failures="0" hostname="Torna" id="43" name="JTestTODOServiceProvider" package="com.de.task.webservice" tests="3" time="1.786" timestamp="2018-09-28T12:29:39">
      <properties>
[...]
</properties>

      <testcase classname="com.de.task.webservice.JTestTODOServiceProvider" name="testValidateAddAssignment" time="1.481" />

      <testcase classname="com.de.task.webservice.JTestTODOServiceProvider" name="testValidateCreateTODOWithData" time="0.167">
          <error type="java.lang.NullPointerException">java.lang.NullPointerException
	at com.de.task.webservice.JTestTODOServiceProvider.testValidateCreateTODOWithData(JTestTODOServiceProvider.java:130)
	at org.powermock.modules.junit4.internal.impl.PowerMockJUnit44RunnerDelegateImpl$PowerMockJUnit44MethodRunner.runTestMethod(PowerMockJUnit44RunnerDelegateImpl.java:326)
	at org.powermock.modules.junit4.internal.impl.PowerMockJUnit44RunnerDelegateImpl$PowerMockJUnit44MethodRunner.executeTest(PowerMockJUnit44RunnerDelegateImpl.java:310)
	at org.powermock.modules.junit4.internal.impl.PowerMockJUnit47RunnerDelegateImpl$PowerMockJUnit47MethodRunner.executeTestInSuper(PowerMockJUnit47RunnerDelegateImpl.java:131)
	at org.powermock.modules.junit4.internal.impl.PowerMockJUnit47RunnerDelegateImpl$PowerMockJUnit47MethodRunner.access$100(PowerMockJUnit47RunnerDelegateImpl.java:59)
	at org.powermock.modules.junit4.internal.impl.PowerMockJUnit47RunnerDelegateImpl$PowerMockJUnit47MethodRunner$TestExecutorStatement.evaluate(PowerMockJUnit47RunnerDelegateImpl.java:147)
	at org.powermock.modules.junit4.internal.impl.PowerMockJUnit47RunnerDelegateImpl$PowerMockJUnit47MethodRunner.evaluateStatement(PowerMockJUnit47RunnerDelegateImpl.java:107)
	at org.powermock.modules.junit4.internal.impl.PowerMockJUnit47RunnerDelegateImpl$PowerMockJUnit47MethodRunner.executeTest(PowerMockJUnit47RunnerDelegateImpl.java:82)
	at org.powermock.modules.junit4.internal.impl.PowerMockJUnit44RunnerDelegateImpl$PowerMockJUnit44MethodRunner.runBeforesThenTestThenAfters(PowerMockJUnit44RunnerDelegateImpl.java:298)
	at org.powermock.modules.junit4.internal.impl.PowerMockJUnit44RunnerDelegateImpl.invokeTestMethod(PowerMockJUnit44RunnerDelegateImpl.java:218)
	at org.powermock.modules.junit4.internal.impl.PowerMockJUnit44RunnerDelegateImpl.runMethods(PowerMockJUnit44RunnerDelegateImpl.java:160)
	at org.powermock.modules.junit4.internal.impl.PowerMockJUnit44RunnerDelegateImpl$1.run(PowerMockJUnit44RunnerDelegateImpl.java:134)
	at org.powermock.modules.junit4.internal.impl.PowerMockJUnit44RunnerDelegateImpl.run(PowerMockJUnit44RunnerDelegateImpl.java:136)
	at org.powermock.modules.junit4.common.internal.impl.JUnit4TestSuiteChunkerImpl.run(JUnit4TestSuiteChunkerImpl.java:121)
	at org.powermock.modules.junit4.common.internal.impl.AbstractCommonPowerMockRunner.run(AbstractCommonPowerMockRunner.java:57)
	at org.powermock.modules.junit4.PowerMockRunner.run(PowerMockRunner.java:59)
</error>

      </testcase>

      <testcase classname="com.de.task.webservice.JTestTODOServiceProvider" name="testValidateUpdateTODOwithData" time="0.0020">
          <error message="com.de.task.webservice.ToDoServiceProvider.validateUpdateTODOwithData(int, int, [Ljava.lang.String;, [Ljava.lang.String;, java.util.HashMap, com.de.enterprise.eform.user.dataobject.UserData)" type="java.lang.NoSuchMethodException">java.lang.NoSuchMethodException: com.de.task.webservice.ToDoServiceProvider.validateUpdateTODOwithData(int, int, [Ljava.lang.String;, [Ljava.lang.String;, java.util.HashMap, com.de.enterprise.eform.user.dataobject.UserData)
	at java.lang.Class.getDeclaredMethod(Class.java:1939)
	at com.de.task.webservice.JTestTODOServiceProvider.testValidateUpdateTODOwithData(JTestTODOServiceProvider.java:431)
	at org.powermock.modules.junit4.internal.impl.PowerMockJUnit44RunnerDelegateImpl$PowerMockJUnit44MethodRunner.runTestMethod(PowerMockJUnit44RunnerDelegateImpl.java:326)
	at org.powermock.modules.junit4.internal.impl.PowerMockJUnit44RunnerDelegateImpl$PowerMockJUnit44MethodRunner.executeTest(PowerMockJUnit44RunnerDelegateImpl.java:310)
	at org.powermock.modules.junit4.internal.impl.PowerMockJUnit47RunnerDelegateImpl$PowerMockJUnit47MethodRunner.executeTestInSuper(PowerMockJUnit47RunnerDelegateImpl.java:131)
	at org.powermock.modules.junit4.internal.impl.PowerMockJUnit47RunnerDelegateImpl$PowerMockJUnit47MethodRunner.access$100(PowerMockJUnit47RunnerDelegateImpl.java:59)
	at org.powermock.modules.junit4.internal.impl.PowerMockJUnit47RunnerDelegateImpl$PowerMockJUnit47MethodRunner$TestExecutorStatement.evaluate(PowerMockJUnit47RunnerDelegateImpl.java:147)
	at org.powermock.modules.junit4.internal.impl.PowerMockJUnit47RunnerDelegateImpl$PowerMockJUnit47MethodRunner.evaluateStatement(PowerMockJUnit47RunnerDelegateImpl.java:107)
	at org.powermock.modules.junit4.internal.impl.PowerMockJUnit47RunnerDelegateImpl$PowerMockJUnit47MethodRunner.executeTest(PowerMockJUnit47RunnerDelegateImpl.java:82)
	at org.powermock.modules.junit4.internal.impl.PowerMockJUnit44RunnerDelegateImpl$PowerMockJUnit44MethodRunner.runBeforesThenTestThenAfters(PowerMockJUnit44RunnerDelegateImpl.java:298)
	at org.powermock.modules.junit4.internal.impl.PowerMockJUnit44RunnerDelegateImpl.invokeTestMethod(PowerMockJUnit44RunnerDelegateImpl.java:218)
	at org.powermock.modules.junit4.internal.impl.PowerMockJUnit44RunnerDelegateImpl.runMethods(PowerMockJUnit44RunnerDelegateImpl.java:160)
	at org.powermock.modules.junit4.internal.impl.PowerMockJUnit44RunnerDelegateImpl$1.run(PowerMockJUnit44RunnerDelegateImpl.java:134)
	at org.powermock.modules.junit4.internal.impl.PowerMockJUnit44RunnerDelegateImpl.run(PowerMockJUnit44RunnerDelegateImpl.java:136)
	at org.powermock.modules.junit4.common.internal.impl.JUnit4TestSuiteChunkerImpl.run(JUnit4TestSuiteChunkerImpl.java:121)
	at org.powermock.modules.junit4.common.internal.impl.AbstractCommonPowerMockRunner.run(AbstractCommonPowerMockRunner.java:57)
	at org.powermock.modules.junit4.PowerMockRunner.run(PowerMockRunner.java:59)
</error>

      </testcase>

      <system-out><![CDATA[EMMA: collecting runtime coverage data ...
com.de.task.webservice.ToDoServiceProvider.validateCreateTODOWithData(int, java.lang.String, int, [Ljava.lang.String;, [Ljava.lang.String;, java.util.HashMap, com.de.enterprise.eform.user.dataobject.UserData)
]]></system-out>

      <system-err><![CDATA[]]></system-err>

  </testsuite>
  <testsuite errors="0" failures="0" hostname="Torna" id="44" name="JTestTSApprWebHandler" package="com.de.timesheet.webhelper" tests="1" time="0.173" timestamp="2018-09-28T12:29:41">
      <properties>
[...]
</properties>

      <testcase classname="com.de.timesheet.webhelper.JTestTSApprWebHandler" name="testSaveSettings" time="0.144" />

      <system-out><![CDATA[EMMA: collecting runtime coverage data ...
]]></system-out>

      <system-err><![CDATA[]]></system-err>

  </testsuite>
  <testsuite errors="0" failures="0" hostname="Torna" id="45" name="JTestSahiLogParser" package="com.devops.swift.common.helper" tests="2" time="0.175" timestamp="2018-09-28T12:29:41">
      <properties>
[...]
</properties>

      <testcase classname="com.devops.swift.common.helper.JTestSahiLogParser" name="testgetJSONObjectForXmlTag" time="0.148" />

      <testcase classname="com.devops.swift.common.helper.JTestSahiLogParser" name="testparse" time="0.021" />

      <system-out><![CDATA[]]></system-out>

      <system-err><![CDATA[]]></system-err>

  </testsuite>
  <testsuite errors="0" failures="0" hostname="Torna" id="46" name="JTestInfyBaseHelper" package="com.infy.swiftalm.base.helper" tests="1" time="0.075" timestamp="2018-09-28T12:29:41">
      <properties>
[...]
</properties>

      <testcase classname="com.infy.swiftalm.base.helper.JTestInfyBaseHelper" name="testIsTimeBetweenTheGivenTimeRange" time="0.07" />

      <system-out><![CDATA[]]></system-out>

      <system-err><![CDATA[]]></system-err>

  </testsuite>
</testsuites>
